
*** Running vivado
    with args -log TOP.vds -m64 -product Vivado -mode batch -messageDb vivado.pb -notrace -source TOP.tcl



****** Vivado v2020.2 (64-bit)
  **** SW Build 3064766 on Wed Nov 18 09:12:45 MST 2020
  **** IP Build 3064653 on Wed Nov 18 14:17:31 MST 2020
    ** Copyright 1986-2020 Xilinx, Inc. All Rights Reserved.

source TOP.tcl -notrace
Command: synth_design -top TOP -part xc7a35tcpg236-1
Starting synth_design
Attempting to get a license for feature 'Synthesis' and/or device 'xc7a35t'
INFO: [Common 17-349] Got license for feature 'Synthesis' and/or device 'xc7a35t'
INFO: [Device 21-403] Loading part xc7a35tcpg236-1
INFO: [Synth 8-7079] Multithreading enabled for synth_design using a maximum of 2 processes.
INFO: [Synth 8-7078] Launching helper process for spawning children vivado processes
INFO: [Synth 8-7075] Helper process launched with PID 10020
---------------------------------------------------------------------------------
Starting RTL Elaboration : Time (s): cpu = 00:00:05 ; elapsed = 00:00:05 . Memory (MB): peak = 1015.582 ; gain = 0.000
---------------------------------------------------------------------------------
INFO: [Synth 8-638] synthesizing module 'TOP' [C:/Users/man01/OneDrive/Desktop/255_LAB5/ECE255_MANlab5/ECE255_MANlab5.srcs/sources_1/new/TOP.vhd:19]
INFO: [Synth 8-3491] module 'FA' declared at 'C:/Users/man01/OneDrive/Desktop/255_LAB5/ECE255_MANlab5/ECE255_MANlab5.srcs/sources_1/new/FA.vhd:4' bound to instance 'stage0' of component 'FA' [C:/Users/man01/OneDrive/Desktop/255_LAB5/ECE255_MANlab5/ECE255_MANlab5.srcs/sources_1/new/TOP.vhd:38]
INFO: [Synth 8-638] synthesizing module 'FA' [C:/Users/man01/OneDrive/Desktop/255_LAB5/ECE255_MANlab5/ECE255_MANlab5.srcs/sources_1/new/FA.vhd:12]
INFO: [Synth 8-256] done synthesizing module 'FA' (1#1) [C:/Users/man01/OneDrive/Desktop/255_LAB5/ECE255_MANlab5/ECE255_MANlab5.srcs/sources_1/new/FA.vhd:12]
INFO: [Synth 8-3491] module 'FA' declared at 'C:/Users/man01/OneDrive/Desktop/255_LAB5/ECE255_MANlab5/ECE255_MANlab5.srcs/sources_1/new/FA.vhd:4' bound to instance 'stage1' of component 'FA' [C:/Users/man01/OneDrive/Desktop/255_LAB5/ECE255_MANlab5/ECE255_MANlab5.srcs/sources_1/new/TOP.vhd:41]
INFO: [Synth 8-3491] module 'FA' declared at 'C:/Users/man01/OneDrive/Desktop/255_LAB5/ECE255_MANlab5/ECE255_MANlab5.srcs/sources_1/new/FA.vhd:4' bound to instance 'stage2' of component 'FA' [C:/Users/man01/OneDrive/Desktop/255_LAB5/ECE255_MANlab5/ECE255_MANlab5.srcs/sources_1/new/TOP.vhd:44]
INFO: [Synth 8-256] done synthesizing module 'TOP' (2#1) [C:/Users/man01/OneDrive/Desktop/255_LAB5/ECE255_MANlab5/ECE255_MANlab5.srcs/sources_1/new/TOP.vhd:19]
---------------------------------------------------------------------------------
Finished RTL Elaboration : Time (s): cpu = 00:00:06 ; elapsed = 00:00:07 . Memory (MB): peak = 1015.582 ; gain = 0.000
---------------------------------------------------------------------------------
---------------------------------------------------------------------------------
Start Handling Custom Attributes
---------------------------------------------------------------------------------
---------------------------------------------------------------------------------
Finished Handling Custom Attributes : Time (s): cpu = 00:00:06 ; elapsed = 00:00:08 . Memory (MB): peak = 1015.582 ; gain = 0.000
---------------------------------------------------------------------------------
---------------------------------------------------------------------------------
Finished RTL Optimization Phase 1 : Time (s): cpu = 00:00:06 ; elapsed = 00:00:08 . Memory (MB): peak = 1015.582 ; gain = 0.000
---------------------------------------------------------------------------------
Netlist sorting complete. Time (s): cpu = 00:00:00 ; elapsed = 00:00:00 . Memory (MB): peak = 1015.582 ; gain = 0.000
INFO: [Project 1-570] Preparing netlist for logic optimization

Processing XDC Constraints
Initializing timing engine
Parsing XDC File [C:/Users/man01/OneDrive/Desktop/255_LAB5/ECE255_MANlab5/ECE255_MANlab5.srcs/constrs_1/new/Constraint.xdc]
CRITICAL WARNING: [Common 17-161] Invalid option value 'A2set_property' specified for 'objects'. [C:/Users/man01/OneDrive/Desktop/255_LAB5/ECE255_MANlab5/ECE255_MANlab5.srcs/constrs_1/new/Constraint.xdc:4]
WARNING: [Vivado 12-584] No ports matched 'D0'. [C:/Users/man01/OneDrive/Desktop/255_LAB5/ECE255_MANlab5/ECE255_MANlab5.srcs/constrs_1/new/Constraint.xdc:24]
CRITICAL WARNING: [Common 17-55] 'set_property' expects at least one object. [C:/Users/man01/OneDrive/Desktop/255_LAB5/ECE255_MANlab5/ECE255_MANlab5.srcs/constrs_1/new/Constraint.xdc:24]
Resolution: If [get_<value>] was used to populate the object, check to make sure this command returns at least one valid object.
WARNING: [Vivado 12-584] No ports matched 'D1'. [C:/Users/man01/OneDrive/Desktop/255_LAB5/ECE255_MANlab5/ECE255_MANlab5.srcs/constrs_1/new/Constraint.xdc:25]
CRITICAL WARNING: [Common 17-55] 'set_property' expects at least one object. [C:/Users/man01/OneDrive/Desktop/255_LAB5/ECE255_MANlab5/ECE255_MANlab5.srcs/constrs_1/new/Constraint.xdc:25]
Resolution: If [get_<value>] was used to populate the object, check to make sure this command returns at least one valid object.
WARNING: [Vivado 12-584] No ports matched 'D2'. [C:/Users/man01/OneDrive/Desktop/255_LAB5/ECE255_MANlab5/ECE255_MANlab5.srcs/constrs_1/new/Constraint.xdc:26]
CRITICAL WARNING: [Common 17-55] 'set_property' expects at least one object. [C:/Users/man01/OneDrive/Desktop/255_LAB5/ECE255_MANlab5/ECE255_MANlab5.srcs/constrs_1/new/Constraint.xdc:26]
Resolution: If [get_<value>] was used to populate the object, check to make sure this command returns at least one valid object.
WARNING: [Vivado 12-584] No ports matched 'D3'. [C:/Users/man01/OneDrive/Desktop/255_LAB5/ECE255_MANlab5/ECE255_MANlab5.srcs/constrs_1/new/Constraint.xdc:27]
CRITICAL WARNING: [Common 17-55] 'set_property' expects at least one object. [C:/Users/man01/OneDrive/Desktop/255_LAB5/ECE255_MANlab5/ECE255_MANlab5.srcs/constrs_1/new/Constraint.xdc:27]
Resolution: If [get_<value>] was used to populate the object, check to make sure this command returns at least one valid object.
WARNING: [Vivado 12-584] No ports matched 'D3'. [C:/Users/man01/OneDrive/Desktop/255_LAB5/ECE255_MANlab5/ECE255_MANlab5.srcs/constrs_1/new/Constraint.xdc:28]
CRITICAL WARNING: [Common 17-55] 'set_property' expects at least one object. [C:/Users/man01/OneDrive/Desktop/255_LAB5/ECE255_MANlab5/ECE255_MANlab5.srcs/constrs_1/new/Constraint.xdc:28]
Resolution: If [get_<value>] was used to populate the object, check to make sure this command returns at least one valid object.
WARNING: [Vivado 12-584] No ports matched 'D3'. [C:/Users/man01/OneDrive/Desktop/255_LAB5/ECE255_MANlab5/ECE255_MANlab5.srcs/constrs_1/new/Constraint.xdc:29]
CRITICAL WARNING: [Common 17-55] 'set_property' expects at least one object. [C:/Users/man01/OneDrive/Desktop/255_LAB5/ECE255_MANlab5/ECE255_MANlab5.srcs/constrs_1/new/Constraint.xdc:29]
Resolution: If [get_<value>] was used to populate the object, check to make sure this command returns at least one valid object.
WARNING: [Vivado 12-584] No ports matched 'D2'. [C:/Users/man01/OneDrive/Desktop/255_LAB5/ECE255_MANlab5/ECE255_MANlab5.srcs/constrs_1/new/Constraint.xdc:30]
CRITICAL WARNING: [Common 17-55] 'set_property' expects at least one object. [C:/Users/man01/OneDrive/Desktop/255_LAB5/ECE255_MANlab5/ECE255_MANlab5.srcs/constrs_1/new/Constraint.xdc:30]
Resolution: If [get_<value>] was used to populate the object, check to make sure this command returns at least one valid object.
WARNING: [Vivado 12-584] No ports matched 'D1'. [C:/Users/man01/OneDrive/Desktop/255_LAB5/ECE255_MANlab5/ECE255_MANlab5.srcs/constrs_1/new/Constraint.xdc:31]
CRITICAL WARNING: [Common 17-55] 'set_property' expects at least one object. [C:/Users/man01/OneDrive/Desktop/255_LAB5/ECE255_MANlab5/ECE255_MANlab5.srcs/constrs_1/new/Constraint.xdc:31]
Resolution: If [get_<value>] was used to populate the object, check to make sure this command returns at least one valid object.
WARNING: [Vivado 12-584] No ports matched 'D0'. [C:/Users/man01/OneDrive/Desktop/255_LAB5/ECE255_MANlab5/ECE255_MANlab5.srcs/constrs_1/new/Constraint.xdc:32]
CRITICAL WARNING: [Common 17-55] 'set_property' expects at least one object. [C:/Users/man01/OneDrive/Desktop/255_LAB5/ECE255_MANlab5/ECE255_MANlab5.srcs/constrs_1/new/Constraint.xdc:32]
Resolution: If [get_<value>] was used to populate the object, check to make sure this command returns at least one valid object.
WARNING: [Vivado 12-584] No ports matched 'F1'. [C:/Users/man01/OneDrive/Desktop/255_LAB5/ECE255_MANlab5/ECE255_MANlab5.srcs/constrs_1/new/Constraint.xdc:33]
CRITICAL WARNING: [Common 17-55] 'set_property' expects at least one object. [C:/Users/man01/OneDrive/Desktop/255_LAB5/ECE255_MANlab5/ECE255_MANlab5.srcs/constrs_1/new/Constraint.xdc:33]
Resolution: If [get_<value>] was used to populate the object, check to make sure this command returns at least one valid object.
WARNING: [Vivado 12-584] No ports matched 'F2'. [C:/Users/man01/OneDrive/Desktop/255_LAB5/ECE255_MANlab5/ECE255_MANlab5.srcs/constrs_1/new/Constraint.xdc:34]
CRITICAL WARNING: [Common 17-55] 'set_property' expects at least one object. [C:/Users/man01/OneDrive/Desktop/255_LAB5/ECE255_MANlab5/ECE255_MANlab5.srcs/constrs_1/new/Constraint.xdc:34]
Resolution: If [get_<value>] was used to populate the object, check to make sure this command returns at least one valid object.
WARNING: [Vivado 12-584] No ports matched 'F3'. [C:/Users/man01/OneDrive/Desktop/255_LAB5/ECE255_MANlab5/ECE255_MANlab5.srcs/constrs_1/new/Constraint.xdc:35]
CRITICAL WARNING: [Common 17-55] 'set_property' expects at least one object. [C:/Users/man01/OneDrive/Desktop/255_LAB5/ECE255_MANlab5/ECE255_MANlab5.srcs/constrs_1/new/Constraint.xdc:35]
Resolution: If [get_<value>] was used to populate the object, check to make sure this command returns at least one valid object.
WARNING: [Vivado 12-584] No ports matched 'F4'. [C:/Users/man01/OneDrive/Desktop/255_LAB5/ECE255_MANlab5/ECE255_MANlab5.srcs/constrs_1/new/Constraint.xdc:36]
CRITICAL WARNING: [Common 17-55] 'set_property' expects at least one object. [C:/Users/man01/OneDrive/Desktop/255_LAB5/ECE255_MANlab5/ECE255_MANlab5.srcs/constrs_1/new/Constraint.xdc:36]
Resolution: If [get_<value>] was used to populate the object, check to make sure this command returns at least one valid object.
WARNING: [Vivado 12-584] No ports matched 'F5'. [C:/Users/man01/OneDrive/Desktop/255_LAB5/ECE255_MANlab5/ECE255_MANlab5.srcs/constrs_1/new/Constraint.xdc:37]
CRITICAL WARNING: [Common 17-55] 'set_property' expects at least one object. [C:/Users/man01/OneDrive/Desktop/255_LAB5/ECE255_MANlab5/ECE255_MANlab5.srcs/constrs_1/new/Constraint.xdc:37]
Resolution: If [get_<value>] was used to populate the object, check to make sure this command returns at least one valid object.
WARNING: [Vivado 12-584] No ports matched 'F6'. [C:/Users/man01/OneDrive/Desktop/255_LAB5/ECE255_MANlab5/ECE255_MANlab5.srcs/constrs_1/new/Constraint.xdc:38]
CRITICAL WARNING: [Common 17-55] 'set_property' expects at least one object. [C:/Users/man01/OneDrive/Desktop/255_LAB5/ECE255_MANlab5/ECE255_MANlab5.srcs/constrs_1/new/Constraint.xdc:38]
Resolution: If [get_<value>] was used to populate the object, check to make sure this command returns at least one valid object.
WARNING: [Vivado 12-584] No ports matched 'F7'. [C:/Users/man01/OneDrive/Desktop/255_LAB5/ECE255_MANlab5/ECE255_MANlab5.srcs/constrs_1/new/Constraint.xdc:39]
CRITICAL WARNING: [Common 17-55] 'set_property' expects at least one object. [C:/Users/man01/OneDrive/Desktop/255_LAB5/ECE255_MANlab5/ECE255_MANlab5.srcs/constrs_1/new/Constraint.xdc:39]
Resolution: If [get_<value>] was used to populate the object, check to make sure this command returns at least one valid object.
WARNING: [Vivado 12-584] No ports matched 'F1'. [C:/Users/man01/OneDrive/Desktop/255_LAB5/ECE255_MANlab5/ECE255_MANlab5.srcs/constrs_1/new/Constraint.xdc:40]
CRITICAL WARNING: [Common 17-55] 'set_property' expects at least one object. [C:/Users/man01/OneDrive/Desktop/255_LAB5/ECE255_MANlab5/ECE255_MANlab5.srcs/constrs_1/new/Constraint.xdc:40]
Resolution: If [get_<value>] was used to populate the object, check to make sure this command returns at least one valid object.
WARNING: [Vivado 12-584] No ports matched 'F3'. [C:/Users/man01/OneDrive/Desktop/255_LAB5/ECE255_MANlab5/ECE255_MANlab5.srcs/constrs_1/new/Constraint.xdc:41]
CRITICAL WARNING: [Common 17-55] 'set_property' expects at least one object. [C:/Users/man01/OneDrive/Desktop/255_LAB5/ECE255_MANlab5/ECE255_MANlab5.srcs/constrs_1/new/Constraint.xdc:41]
Resolution: If [get_<value>] was used to populate the object, check to make sure this command returns at least one valid object.
WARNING: [Vivado 12-584] No ports matched 'F2'. [C:/Users/man01/OneDrive/Desktop/255_LAB5/ECE255_MANlab5/ECE255_MANlab5.srcs/constrs_1/new/Constraint.xdc:42]
CRITICAL WARNING: [Common 17-55] 'set_property' expects at least one object. [C:/Users/man01/OneDrive/Desktop/255_LAB5/ECE255_MANlab5/ECE255_MANlab5.srcs/constrs_1/new/Constraint.xdc:42]
Resolution: If [get_<value>] was used to populate the object, check to make sure this command returns at least one valid object.
WARNING: [Vivado 12-584] No ports matched 'F4'. [C:/Users/man01/OneDrive/Desktop/255_LAB5/ECE255_MANlab5/ECE255_MANlab5.srcs/constrs_1/new/Constraint.xdc:43]
CRITICAL WARNING: [Common 17-55] 'set_property' expects at least one object. [C:/Users/man01/OneDrive/Desktop/255_LAB5/ECE255_MANlab5/ECE255_MANlab5.srcs/constrs_1/new/Constraint.xdc:43]
Resolution: If [get_<value>] was used to populate the object, check to make sure this command returns at least one valid object.
WARNING: [Vivado 12-584] No ports matched 'F5'. [C:/Users/man01/OneDrive/Desktop/255_LAB5/ECE255_MANlab5/ECE255_MANlab5.srcs/constrs_1/new/Constraint.xdc:44]
CRITICAL WARNING: [Common 17-55] 'set_property' expects at least one object. [C:/Users/man01/OneDrive/Desktop/255_LAB5/ECE255_MANlab5/ECE255_MANlab5.srcs/constrs_1/new/Constraint.xdc:44]
Resolution: If [get_<value>] was used to populate the object, check to make sure this command returns at least one valid object.
WARNING: [Vivado 12-584] No ports matched 'F6'. [C:/Users/man01/OneDrive/Desktop/255_LAB5/ECE255_MANlab5/ECE255_MANlab5.srcs/constrs_1/new/Constraint.xdc:45]
CRITICAL WARNING: [Common 17-55] 'set_property' expects at least one object. [C:/Users/man01/OneDrive/Desktop/255_LAB5/ECE255_MANlab5/ECE255_MANlab5.srcs/constrs_1/new/Constraint.xdc:45]
Resolution: If [get_<value>] was used to populate the object, check to make sure this command returns at least one valid object.
WARNING: [Vivado 12-584] No ports matched 'F7'. [C:/Users/man01/OneDrive/Desktop/255_LAB5/ECE255_MANlab5/ECE255_MANlab5.srcs/constrs_1/new/Constraint.xdc:46]
CRITICAL WARNING: [Common 17-55] 'set_property' expects at least one object. [C:/Users/man01/OneDrive/Desktop/255_LAB5/ECE255_MANlab5/ECE255_MANlab5.srcs/constrs_1/new/Constraint.xdc:46]
Resolution: If [get_<value>] was used to populate the object, check to make sure this command returns at least one valid object.
Finished Parsing XDC File [C:/Users/man01/OneDrive/Desktop/255_LAB5/ECE255_MANlab5/ECE255_MANlab5.srcs/constrs_1/new/Constraint.xdc]
INFO: [Project 1-236] Implementation specific constraints were found while reading constraint file [C:/Users/man01/OneDrive/Desktop/255_LAB5/ECE255_MANlab5/ECE255_MANlab5.srcs/constrs_1/new/Constraint.xdc]. These constraints will be ignored for synthesis but will be used in implementation. Impacted constraints are listed in the file [.Xil/TOP_propImpl.xdc].
Resolution: To avoid this warning, move constraints listed in [.Xil/TOP_propImpl.xdc] to another XDC file and exclude this new file from synthesis with the used_in_synthesis property (File Properties dialog in GUI) and re-run elaboration/synthesis.
Completed Processing XDC Constraints

Netlist sorting complete. Time (s): cpu = 00:00:00 ; elapsed = 00:00:00 . Memory (MB): peak = 1025.742 ; gain = 0.000
INFO: [Project 1-111] Unisim Transformation Summary:
No Unisim elements were transformed.

Constraint Validation Runtime : Time (s): cpu = 00:00:00 ; elapsed = 00:00:00.002 . Memory (MB): peak = 1025.742 ; gain = 0.000
---------------------------------------------------------------------------------
Finished Constraint Validation : Time (s): cpu = 00:00:14 ; elapsed = 00:00:15 . Memory (MB): peak = 1025.742 ; gain = 10.160
---------------------------------------------------------------------------------
---------------------------------------------------------------------------------
Start Loading Part and Timing Information
---------------------------------------------------------------------------------
Loading part: xc7a35tcpg236-1
---------------------------------------------------------------------------------
Finished Loading Part and Timing Information : Time (s): cpu = 00:00:14 ; elapsed = 00:00:15 . Memory (MB): peak = 1025.742 ; gain = 10.160
---------------------------------------------------------------------------------
---------------------------------------------------------------------------------
Start Applying 'set_property' XDC Constraints
---------------------------------------------------------------------------------
---------------------------------------------------------------------------------
Finished applying 'set_property' XDC Constraints : Time (s): cpu = 00:00:14 ; elapsed = 00:00:16 . Memory (MB): peak = 1025.742 ; gain = 10.160
---------------------------------------------------------------------------------
---------------------------------------------------------------------------------
Finished RTL Optimization Phase 2 : Time (s): cpu = 00:00:14 ; elapsed = 00:00:16 . Memory (MB): peak = 1025.742 ; gain = 10.160
---------------------------------------------------------------------------------
---------------------------------------------------------------------------------
Start RTL Component Statistics 
---------------------------------------------------------------------------------
Detailed RTL Component Info : 
+---XORs : 
	   3 Input      1 Bit         XORs := 3     
	   2 Input      1 Bit         XORs := 3     
---------------------------------------------------------------------------------
Finished RTL Component Statistics 
---------------------------------------------------------------------------------
---------------------------------------------------------------------------------
Start Part Resource Summary
---------------------------------------------------------------------------------
Part Resources:
DSPs: 90 (col length:60)
BRAMs: 100 (col length: RAMB18 60 RAMB36 30)
---------------------------------------------------------------------------------
Finished Part Resource Summary
---------------------------------------------------------------------------------
---------------------------------------------------------------------------------
Start Cross Boundary and Area Optimization
---------------------------------------------------------------------------------
---------------------------------------------------------------------------------
Finished Cross Boundary and Area Optimization : Time (s): cpu = 00:00:15 ; elapsed = 00:00:18 . Memory (MB): peak = 1025.742 ; gain = 10.160
---------------------------------------------------------------------------------
---------------------------------------------------------------------------------
Start Applying XDC Timing Constraints
---------------------------------------------------------------------------------
---------------------------------------------------------------------------------
Finished Applying XDC Timing Constraints : Time (s): cpu = 00:00:23 ; elapsed = 00:00:25 . Memory (MB): peak = 1025.742 ; gain = 10.160
---------------------------------------------------------------------------------
---------------------------------------------------------------------------------
Start Timing Optimization
---------------------------------------------------------------------------------
---------------------------------------------------------------------------------
Finished Timing Optimization : Time (s): cpu = 00:00:23 ; elapsed = 00:00:25 . Memory (MB): peak = 1025.742 ; gain = 10.160
---------------------------------------------------------------------------------
---------------------------------------------------------------------------------
Start Technology Mapping
---------------------------------------------------------------------------------
---------------------------------------------------------------------------------
Finished Technology Mapping : Time (s): cpu = 00:00:23 ; elapsed = 00:00:25 . Memory (MB): peak = 1034.820 ; gain = 19.238
---------------------------------------------------------------------------------
---------------------------------------------------------------------------------
Start IO Insertion
---------------------------------------------------------------------------------
---------------------------------------------------------------------------------
Start Flattening Before IO Insertion
---------------------------------------------------------------------------------
---------------------------------------------------------------------------------
Finished Flattening Before IO Insertion
---------------------------------------------------------------------------------
---------------------------------------------------------------------------------
Start Final Netlist Cleanup
---------------------------------------------------------------------------------
---------------------------------------------------------------------------------
Finished Final Netlist Cleanup
---------------------------------------------------------------------------------
---------------------------------------------------------------------------------
Finished IO Insertion : Time (s): cpu = 00:00:27 ; elapsed = 00:00:29 . Memory (MB): peak = 1041.578 ; gain = 25.996
---------------------------------------------------------------------------------
---------------------------------------------------------------------------------
Start Renaming Generated Instances
---------------------------------------------------------------------------------
---------------------------------------------------------------------------------
Finished Renaming Generated Instances : Time (s): cpu = 00:00:27 ; elapsed = 00:00:29 . Memory (MB): peak = 1041.578 ; gain = 25.996
---------------------------------------------------------------------------------
---------------------------------------------------------------------------------
Start Rebuilding User Hierarchy
---------------------------------------------------------------------------------
---------------------------------------------------------------------------------
Finished Rebuilding User Hierarchy : Time (s): cpu = 00:00:27 ; elapsed = 00:00:29 . Memory (MB): peak = 1041.578 ; gain = 25.996
---------------------------------------------------------------------------------
---------------------------------------------------------------------------------
Start Renaming Generated Ports
---------------------------------------------------------------------------------
---------------------------------------------------------------------------------
Finished Renaming Generated Ports : Time (s): cpu = 00:00:27 ; elapsed = 00:00:29 . Memory (MB): peak = 1041.578 ; gain = 25.996
---------------------------------------------------------------------------------
---------------------------------------------------------------------------------
Start Handling Custom Attributes
---------------------------------------------------------------------------------
---------------------------------------------------------------------------------
Finished Handling Custom Attributes : Time (s): cpu = 00:00:27 ; elapsed = 00:00:29 . Memory (MB): peak = 1041.578 ; gain = 25.996
---------------------------------------------------------------------------------
---------------------------------------------------------------------------------
Start Renaming Generated Nets
---------------------------------------------------------------------------------
---------------------------------------------------------------------------------
Finished Renaming Generated Nets : Time (s): cpu = 00:00:27 ; elapsed = 00:00:29 . Memory (MB): peak = 1041.578 ; gain = 25.996
---------------------------------------------------------------------------------
---------------------------------------------------------------------------------
Start Writing Synthesis Report
---------------------------------------------------------------------------------

Report BlackBoxes: 
+-+--------------+----------+
| |BlackBox name |Instances |
+-+--------------+----------+
+-+--------------+----------+

Report Cell Usage: 
+------+-----+------+
|      |Cell |Count |
+------+-----+------+
|1     |LUT2 |     1|
|2     |LUT4 |     2|
|3     |LUT5 |     2|
|4     |IBUF |     7|
|5     |OBUF |     4|
+------+-----+------+
---------------------------------------------------------------------------------
Finished Writing Synthesis Report : Time (s): cpu = 00:00:27 ; elapsed = 00:00:29 . Memory (MB): peak = 1041.578 ; gain = 25.996
---------------------------------------------------------------------------------
Synthesis finished with 0 errors, 0 critical warnings and 0 warnings.
Synthesis Optimization Runtime : Time (s): cpu = 00:00:18 ; elapsed = 00:00:27 . Memory (MB): peak = 1041.578 ; gain = 15.836
Synthesis Optimization Complete : Time (s): cpu = 00:00:27 ; elapsed = 00:00:29 . Memory (MB): peak = 1041.578 ; gain = 25.996
INFO: [Project 1-571] Translating synthesized netlist
Netlist sorting complete. Time (s): cpu = 00:00:00 ; elapsed = 00:00:00 . Memory (MB): peak = 1041.578 ; gain = 0.000
INFO: [Project 1-570] Preparing netlist for logic optimization
INFO: [Opt 31-138] Pushed 0 inverter(s) to 0 load pin(s).
Netlist sorting complete. Time (s): cpu = 00:00:00 ; elapsed = 00:00:00 . Memory (MB): peak = 1048.512 ; gain = 0.000
INFO: [Project 1-111] Unisim Transformation Summary:
No Unisim elements were transformed.

INFO: [Common 17-83] Releasing license: Synthesis
20 Infos, 23 Warnings, 24 Critical Warnings and 0 Errors encountered.
synth_design completed successfully
synth_design: Time (s): cpu = 00:00:34 ; elapsed = 00:00:37 . Memory (MB): peak = 1048.512 ; gain = 32.930
INFO: [runtcl-6] Synthesis results are not added to the cache due to CRITICAL_WARNING
INFO: [Common 17-1381] The checkpoint 'C:/Users/man01/OneDrive/Desktop/255_LAB5/ECE255_MANlab5/ECE255_MANlab5.runs/synth_1/TOP.dcp' has been generated.
INFO: [runtcl-4] Executing : report_utilization -file TOP_utilization_synth.rpt -pb TOP_utilization_synth.pb
INFO: [Common 17-206] Exiting Vivado at Tue Apr 26 15:24:56 2022...
