
*** Running vivado
    with args -log Top.vds -m64 -product Vivado -mode batch -messageDb vivado.pb -notrace -source Top.tcl



****** Vivado v2020.2 (64-bit)
  **** SW Build 3064766 on Wed Nov 18 09:12:45 MST 2020
  **** IP Build 3064653 on Wed Nov 18 14:17:31 MST 2020
    ** Copyright 1986-2020 Xilinx, Inc. All Rights Reserved.

source Top.tcl -notrace
Command: synth_design -top Top -part xc7a35tcpg236-1
Starting synth_design
Attempting to get a license for feature 'Synthesis' and/or device 'xc7a35t'
INFO: [Common 17-349] Got license for feature 'Synthesis' and/or device 'xc7a35t'
INFO: [Device 21-403] Loading part xc7a35tcpg236-1
INFO: [Synth 8-7079] Multithreading enabled for synth_design using a maximum of 2 processes.
INFO: [Synth 8-7078] Launching helper process for spawning children vivado processes
INFO: [Synth 8-7075] Helper process launched with PID 9784
---------------------------------------------------------------------------------
Starting RTL Elaboration : Time (s): cpu = 00:00:04 ; elapsed = 00:00:05 . Memory (MB): peak = 1020.828 ; gain = 0.000
---------------------------------------------------------------------------------
INFO: [Synth 8-638] synthesizing module 'Top' [C:/Users/man01/OneDrive/Desktop/Lab6File/Lab6_Xtra/Lab6_Xtra.srcs/sources_1/new/Top.vhd:17]
WARNING: [Synth 8-614] signal 'displayed_number' is read in the process but is not in the sensitivity list [C:/Users/man01/OneDrive/Desktop/Lab6File/Lab6_Xtra/Lab6_Xtra.srcs/sources_1/new/Top.vhd:47]
INFO: [Synth 8-3491] module 'SegDecoder' declared at 'C:/Users/man01/OneDrive/Desktop/Lab6File/Lab6_Xtra/Lab6_Xtra.srcs/sources_1/imports/new/SegDecoder.vhd:5' bound to instance 'R' of component 'SegDecoder' [C:/Users/man01/OneDrive/Desktop/Lab6File/Lab6_Xtra/Lab6_Xtra.srcs/sources_1/new/Top.vhd:74]
INFO: [Synth 8-638] synthesizing module 'SegDecoder' [C:/Users/man01/OneDrive/Desktop/Lab6File/Lab6_Xtra/Lab6_Xtra.srcs/sources_1/imports/new/SegDecoder.vhd:13]
INFO: [Synth 8-256] done synthesizing module 'SegDecoder' (1#1) [C:/Users/man01/OneDrive/Desktop/Lab6File/Lab6_Xtra/Lab6_Xtra.srcs/sources_1/imports/new/SegDecoder.vhd:13]
INFO: [Synth 8-256] done synthesizing module 'Top' (2#1) [C:/Users/man01/OneDrive/Desktop/Lab6File/Lab6_Xtra/Lab6_Xtra.srcs/sources_1/new/Top.vhd:17]
---------------------------------------------------------------------------------
Finished RTL Elaboration : Time (s): cpu = 00:00:05 ; elapsed = 00:00:06 . Memory (MB): peak = 1020.828 ; gain = 0.000
---------------------------------------------------------------------------------
---------------------------------------------------------------------------------
Start Handling Custom Attributes
---------------------------------------------------------------------------------
---------------------------------------------------------------------------------
Finished Handling Custom Attributes : Time (s): cpu = 00:00:06 ; elapsed = 00:00:07 . Memory (MB): peak = 1020.828 ; gain = 0.000
---------------------------------------------------------------------------------
---------------------------------------------------------------------------------
Finished RTL Optimization Phase 1 : Time (s): cpu = 00:00:06 ; elapsed = 00:00:07 . Memory (MB): peak = 1020.828 ; gain = 0.000
---------------------------------------------------------------------------------
Netlist sorting complete. Time (s): cpu = 00:00:00 ; elapsed = 00:00:00.001 . Memory (MB): peak = 1020.828 ; gain = 0.000
INFO: [Project 1-570] Preparing netlist for logic optimization

Processing XDC Constraints
Initializing timing engine
Parsing XDC File [C:/Users/man01/OneDrive/Desktop/Lab6File/Lab6_Xtra/Lab6_Xtra.srcs/constrs_1/new/Ca2.xdc]
WARNING: [Vivado 12-584] No ports matched 'W'. [C:/Users/man01/OneDrive/Desktop/Lab6File/Lab6_Xtra/Lab6_Xtra.srcs/constrs_1/new/Ca2.xdc:8]
CRITICAL WARNING: [Common 17-55] 'set_property' expects at least one object. [C:/Users/man01/OneDrive/Desktop/Lab6File/Lab6_Xtra/Lab6_Xtra.srcs/constrs_1/new/Ca2.xdc:8]
Resolution: If [get_<value>] was used to populate the object, check to make sure this command returns at least one valid object.
WARNING: [Vivado 12-584] No ports matched 'X'. [C:/Users/man01/OneDrive/Desktop/Lab6File/Lab6_Xtra/Lab6_Xtra.srcs/constrs_1/new/Ca2.xdc:9]
CRITICAL WARNING: [Common 17-55] 'set_property' expects at least one object. [C:/Users/man01/OneDrive/Desktop/Lab6File/Lab6_Xtra/Lab6_Xtra.srcs/constrs_1/new/Ca2.xdc:9]
Resolution: If [get_<value>] was used to populate the object, check to make sure this command returns at least one valid object.
WARNING: [Vivado 12-584] No ports matched 'Y'. [C:/Users/man01/OneDrive/Desktop/Lab6File/Lab6_Xtra/Lab6_Xtra.srcs/constrs_1/new/Ca2.xdc:10]
CRITICAL WARNING: [Common 17-55] 'set_property' expects at least one object. [C:/Users/man01/OneDrive/Desktop/Lab6File/Lab6_Xtra/Lab6_Xtra.srcs/constrs_1/new/Ca2.xdc:10]
Resolution: If [get_<value>] was used to populate the object, check to make sure this command returns at least one valid object.
WARNING: [Vivado 12-584] No ports matched 'Z'. [C:/Users/man01/OneDrive/Desktop/Lab6File/Lab6_Xtra/Lab6_Xtra.srcs/constrs_1/new/Ca2.xdc:11]
CRITICAL WARNING: [Common 17-55] 'set_property' expects at least one object. [C:/Users/man01/OneDrive/Desktop/Lab6File/Lab6_Xtra/Lab6_Xtra.srcs/constrs_1/new/Ca2.xdc:11]
Resolution: If [get_<value>] was used to populate the object, check to make sure this command returns at least one valid object.
WARNING: [Vivado 12-584] No ports matched 'D0'. [C:/Users/man01/OneDrive/Desktop/Lab6File/Lab6_Xtra/Lab6_Xtra.srcs/constrs_1/new/Ca2.xdc:12]
CRITICAL WARNING: [Common 17-55] 'set_property' expects at least one object. [C:/Users/man01/OneDrive/Desktop/Lab6File/Lab6_Xtra/Lab6_Xtra.srcs/constrs_1/new/Ca2.xdc:12]
Resolution: If [get_<value>] was used to populate the object, check to make sure this command returns at least one valid object.
WARNING: [Vivado 12-584] No ports matched 'D1'. [C:/Users/man01/OneDrive/Desktop/Lab6File/Lab6_Xtra/Lab6_Xtra.srcs/constrs_1/new/Ca2.xdc:13]
CRITICAL WARNING: [Common 17-55] 'set_property' expects at least one object. [C:/Users/man01/OneDrive/Desktop/Lab6File/Lab6_Xtra/Lab6_Xtra.srcs/constrs_1/new/Ca2.xdc:13]
Resolution: If [get_<value>] was used to populate the object, check to make sure this command returns at least one valid object.
WARNING: [Vivado 12-584] No ports matched 'D2'. [C:/Users/man01/OneDrive/Desktop/Lab6File/Lab6_Xtra/Lab6_Xtra.srcs/constrs_1/new/Ca2.xdc:14]
CRITICAL WARNING: [Common 17-55] 'set_property' expects at least one object. [C:/Users/man01/OneDrive/Desktop/Lab6File/Lab6_Xtra/Lab6_Xtra.srcs/constrs_1/new/Ca2.xdc:14]
Resolution: If [get_<value>] was used to populate the object, check to make sure this command returns at least one valid object.
WARNING: [Vivado 12-584] No ports matched 'D3'. [C:/Users/man01/OneDrive/Desktop/Lab6File/Lab6_Xtra/Lab6_Xtra.srcs/constrs_1/new/Ca2.xdc:15]
CRITICAL WARNING: [Common 17-55] 'set_property' expects at least one object. [C:/Users/man01/OneDrive/Desktop/Lab6File/Lab6_Xtra/Lab6_Xtra.srcs/constrs_1/new/Ca2.xdc:15]
Resolution: If [get_<value>] was used to populate the object, check to make sure this command returns at least one valid object.
WARNING: [Vivado 12-584] No ports matched 'X'. [C:/Users/man01/OneDrive/Desktop/Lab6File/Lab6_Xtra/Lab6_Xtra.srcs/constrs_1/new/Ca2.xdc:23]
CRITICAL WARNING: [Common 17-55] 'set_property' expects at least one object. [C:/Users/man01/OneDrive/Desktop/Lab6File/Lab6_Xtra/Lab6_Xtra.srcs/constrs_1/new/Ca2.xdc:23]
Resolution: If [get_<value>] was used to populate the object, check to make sure this command returns at least one valid object.
WARNING: [Vivado 12-584] No ports matched 'Z'. [C:/Users/man01/OneDrive/Desktop/Lab6File/Lab6_Xtra/Lab6_Xtra.srcs/constrs_1/new/Ca2.xdc:24]
CRITICAL WARNING: [Common 17-55] 'set_property' expects at least one object. [C:/Users/man01/OneDrive/Desktop/Lab6File/Lab6_Xtra/Lab6_Xtra.srcs/constrs_1/new/Ca2.xdc:24]
Resolution: If [get_<value>] was used to populate the object, check to make sure this command returns at least one valid object.
WARNING: [Vivado 12-584] No ports matched 'Y'. [C:/Users/man01/OneDrive/Desktop/Lab6File/Lab6_Xtra/Lab6_Xtra.srcs/constrs_1/new/Ca2.xdc:25]
CRITICAL WARNING: [Common 17-55] 'set_property' expects at least one object. [C:/Users/man01/OneDrive/Desktop/Lab6File/Lab6_Xtra/Lab6_Xtra.srcs/constrs_1/new/Ca2.xdc:25]
Resolution: If [get_<value>] was used to populate the object, check to make sure this command returns at least one valid object.
WARNING: [Vivado 12-584] No ports matched 'W'. [C:/Users/man01/OneDrive/Desktop/Lab6File/Lab6_Xtra/Lab6_Xtra.srcs/constrs_1/new/Ca2.xdc:26]
CRITICAL WARNING: [Common 17-55] 'set_property' expects at least one object. [C:/Users/man01/OneDrive/Desktop/Lab6File/Lab6_Xtra/Lab6_Xtra.srcs/constrs_1/new/Ca2.xdc:26]
Resolution: If [get_<value>] was used to populate the object, check to make sure this command returns at least one valid object.
Finished Parsing XDC File [C:/Users/man01/OneDrive/Desktop/Lab6File/Lab6_Xtra/Lab6_Xtra.srcs/constrs_1/new/Ca2.xdc]
INFO: [Project 1-236] Implementation specific constraints were found while reading constraint file [C:/Users/man01/OneDrive/Desktop/Lab6File/Lab6_Xtra/Lab6_Xtra.srcs/constrs_1/new/Ca2.xdc]. These constraints will be ignored for synthesis but will be used in implementation. Impacted constraints are listed in the file [.Xil/Top_propImpl.xdc].
Resolution: To avoid this warning, move constraints listed in [.Xil/Top_propImpl.xdc] to another XDC file and exclude this new file from synthesis with the used_in_synthesis property (File Properties dialog in GUI) and re-run elaboration/synthesis.
Completed Processing XDC Constraints

Netlist sorting complete. Time (s): cpu = 00:00:00 ; elapsed = 00:00:00 . Memory (MB): peak = 1026.438 ; gain = 0.000
INFO: [Project 1-111] Unisim Transformation Summary:
No Unisim elements were transformed.

Constraint Validation Runtime : Time (s): cpu = 00:00:00 ; elapsed = 00:00:00.003 . Memory (MB): peak = 1026.438 ; gain = 0.000
---------------------------------------------------------------------------------
Finished Constraint Validation : Time (s): cpu = 00:00:12 ; elapsed = 00:00:13 . Memory (MB): peak = 1026.438 ; gain = 5.609
---------------------------------------------------------------------------------
---------------------------------------------------------------------------------
Start Loading Part and Timing Information
---------------------------------------------------------------------------------
Loading part: xc7a35tcpg236-1
---------------------------------------------------------------------------------
Finished Loading Part and Timing Information : Time (s): cpu = 00:00:12 ; elapsed = 00:00:13 . Memory (MB): peak = 1026.438 ; gain = 5.609
---------------------------------------------------------------------------------
---------------------------------------------------------------------------------
Start Applying 'set_property' XDC Constraints
---------------------------------------------------------------------------------
---------------------------------------------------------------------------------
Finished applying 'set_property' XDC Constraints : Time (s): cpu = 00:00:12 ; elapsed = 00:00:13 . Memory (MB): peak = 1026.438 ; gain = 5.609
---------------------------------------------------------------------------------
WARNING: [Synth 8-327] inferring latch for variable 'LED_BCD_reg' [C:/Users/man01/OneDrive/Desktop/Lab6File/Lab6_Xtra/Lab6_Xtra.srcs/sources_1/new/Top.vhd:63]
---------------------------------------------------------------------------------
Finished RTL Optimization Phase 2 : Time (s): cpu = 00:00:13 ; elapsed = 00:00:13 . Memory (MB): peak = 1026.438 ; gain = 5.609
---------------------------------------------------------------------------------
---------------------------------------------------------------------------------
Start RTL Component Statistics 
---------------------------------------------------------------------------------
Detailed RTL Component Info : 
+---XORs : 
	   2 Input      1 Bit         XORs := 3     
+---Muxes : 
	   4 Input    4 Bit        Muxes := 2     
---------------------------------------------------------------------------------
Finished RTL Component Statistics 
---------------------------------------------------------------------------------
---------------------------------------------------------------------------------
Start Part Resource Summary
---------------------------------------------------------------------------------
Part Resources:
DSPs: 90 (col length:60)
BRAMs: 100 (col length: RAMB18 60 RAMB36 30)
---------------------------------------------------------------------------------
Finished Part Resource Summary
---------------------------------------------------------------------------------
---------------------------------------------------------------------------------
Start Cross Boundary and Area Optimization
---------------------------------------------------------------------------------
---------------------------------------------------------------------------------
Finished Cross Boundary and Area Optimization : Time (s): cpu = 00:00:14 ; elapsed = 00:00:15 . Memory (MB): peak = 1026.438 ; gain = 5.609
---------------------------------------------------------------------------------
---------------------------------------------------------------------------------
Start Applying XDC Timing Constraints
---------------------------------------------------------------------------------
---------------------------------------------------------------------------------
Finished Applying XDC Timing Constraints : Time (s): cpu = 00:00:21 ; elapsed = 00:00:22 . Memory (MB): peak = 1026.438 ; gain = 5.609
---------------------------------------------------------------------------------
---------------------------------------------------------------------------------
Start Timing Optimization
---------------------------------------------------------------------------------
---------------------------------------------------------------------------------
Finished Timing Optimization : Time (s): cpu = 00:00:21 ; elapsed = 00:00:22 . Memory (MB): peak = 1026.438 ; gain = 5.609
---------------------------------------------------------------------------------
---------------------------------------------------------------------------------
Start Technology Mapping
---------------------------------------------------------------------------------
---------------------------------------------------------------------------------
Finished Technology Mapping : Time (s): cpu = 00:00:21 ; elapsed = 00:00:22 . Memory (MB): peak = 1043.129 ; gain = 22.301
---------------------------------------------------------------------------------
---------------------------------------------------------------------------------
Start IO Insertion
---------------------------------------------------------------------------------
---------------------------------------------------------------------------------
Start Flattening Before IO Insertion
---------------------------------------------------------------------------------
---------------------------------------------------------------------------------
Finished Flattening Before IO Insertion
---------------------------------------------------------------------------------
---------------------------------------------------------------------------------
Start Final Netlist Cleanup
---------------------------------------------------------------------------------
---------------------------------------------------------------------------------
Finished Final Netlist Cleanup
---------------------------------------------------------------------------------
---------------------------------------------------------------------------------
Finished IO Insertion : Time (s): cpu = 00:00:24 ; elapsed = 00:00:25 . Memory (MB): peak = 1049.934 ; gain = 29.105
---------------------------------------------------------------------------------
---------------------------------------------------------------------------------
Start Renaming Generated Instances
---------------------------------------------------------------------------------
---------------------------------------------------------------------------------
Finished Renaming Generated Instances : Time (s): cpu = 00:00:24 ; elapsed = 00:00:25 . Memory (MB): peak = 1049.934 ; gain = 29.105
---------------------------------------------------------------------------------
---------------------------------------------------------------------------------
Start Rebuilding User Hierarchy
---------------------------------------------------------------------------------
---------------------------------------------------------------------------------
Finished Rebuilding User Hierarchy : Time (s): cpu = 00:00:24 ; elapsed = 00:00:25 . Memory (MB): peak = 1049.934 ; gain = 29.105
---------------------------------------------------------------------------------
---------------------------------------------------------------------------------
Start Renaming Generated Ports
---------------------------------------------------------------------------------
---------------------------------------------------------------------------------
Finished Renaming Generated Ports : Time (s): cpu = 00:00:24 ; elapsed = 00:00:25 . Memory (MB): peak = 1049.934 ; gain = 29.105
---------------------------------------------------------------------------------
---------------------------------------------------------------------------------
Start Handling Custom Attributes
---------------------------------------------------------------------------------
---------------------------------------------------------------------------------
Finished Handling Custom Attributes : Time (s): cpu = 00:00:24 ; elapsed = 00:00:25 . Memory (MB): peak = 1049.934 ; gain = 29.105
---------------------------------------------------------------------------------
---------------------------------------------------------------------------------
Start Renaming Generated Nets
---------------------------------------------------------------------------------
---------------------------------------------------------------------------------
Finished Renaming Generated Nets : Time (s): cpu = 00:00:24 ; elapsed = 00:00:25 . Memory (MB): peak = 1049.934 ; gain = 29.105
---------------------------------------------------------------------------------
---------------------------------------------------------------------------------
Start Writing Synthesis Report
---------------------------------------------------------------------------------

Report BlackBoxes: 
+-+--------------+----------+
| |BlackBox name |Instances |
+-+--------------+----------+
+-+--------------+----------+

Report Cell Usage: 
+------+-------+------+
|      |Cell   |Count |
+------+-------+------+
|1     |BUFG   |     1|
|2     |CARRY4 |     5|
|3     |LUT1   |     1|
|4     |LUT2   |     2|
|5     |LUT3   |     4|
|6     |LUT4   |     7|
|7     |FDRE   |    20|
|8     |LD     |     4|
|9     |IBUF   |     9|
|10    |OBUF   |    11|
+------+-------+------+
---------------------------------------------------------------------------------
Finished Writing Synthesis Report : Time (s): cpu = 00:00:24 ; elapsed = 00:00:25 . Memory (MB): peak = 1049.934 ; gain = 29.105
---------------------------------------------------------------------------------
Synthesis finished with 0 errors, 0 critical warnings and 1 warnings.
Synthesis Optimization Runtime : Time (s): cpu = 00:00:17 ; elapsed = 00:00:23 . Memory (MB): peak = 1049.934 ; gain = 23.496
Synthesis Optimization Complete : Time (s): cpu = 00:00:25 ; elapsed = 00:00:26 . Memory (MB): peak = 1049.934 ; gain = 29.105
INFO: [Project 1-571] Translating synthesized netlist
Netlist sorting complete. Time (s): cpu = 00:00:00 ; elapsed = 00:00:00.001 . Memory (MB): peak = 1061.035 ; gain = 0.000
INFO: [Netlist 29-17] Analyzing 9 Unisim elements for replacement
INFO: [Netlist 29-28] Unisim Transformation completed in 0 CPU seconds
INFO: [Project 1-570] Preparing netlist for logic optimization
INFO: [Opt 31-138] Pushed 0 inverter(s) to 0 load pin(s).
Netlist sorting complete. Time (s): cpu = 00:00:00 ; elapsed = 00:00:00 . Memory (MB): peak = 1068.609 ; gain = 0.000
INFO: [Project 1-111] Unisim Transformation Summary:
  A total of 4 instances were transformed.
  LD => LDCE: 4 instances

INFO: [Common 17-83] Releasing license: Synthesis
20 Infos, 14 Warnings, 12 Critical Warnings and 0 Errors encountered.
synth_design completed successfully
synth_design: Time (s): cpu = 00:00:31 ; elapsed = 00:00:33 . Memory (MB): peak = 1068.609 ; gain = 47.781
INFO: [runtcl-6] Synthesis results are not added to the cache due to CRITICAL_WARNING
INFO: [Common 17-1381] The checkpoint 'C:/Users/man01/OneDrive/Desktop/Lab6File/Lab6_Xtra/Lab6_Xtra.runs/synth_1/Top.dcp' has been generated.
INFO: [runtcl-4] Executing : report_utilization -file Top_utilization_synth.rpt -pb Top_utilization_synth.pb
INFO: [Common 17-206] Exiting Vivado at Mon May  9 13:25:14 2022...
