Copyright 1986-2020 Xilinx, Inc. All Rights Reserved.
---------------------------------------------------------------------------------------
| Tool Version : Vivado v.2020.2 (win64) Build 3064766 Wed Nov 18 09:12:45 MST 2020
| Date         : Fri Sep 23 15:39:22 2022
| Host         : LAPTOP-VOLJ417I running 64-bit major release  (build 9200)
| Command      : report_control_sets -verbose -file FIFOPsuedo_control_sets_placed.rpt
| Design       : FIFOPsuedo
| Device       : xc7a35t
---------------------------------------------------------------------------------------

Control Set Information

Table of Contents
-----------------
1. Summary
2. Histogram
3. Flip-Flop Distribution
4. Detailed Control Set Information

1. Summary
----------

+----------------------------------------------------------+-------+
|                          Status                          | Count |
+----------------------------------------------------------+-------+
| Total control sets                                       |    12 |
|    Minimum number of control sets                        |    12 |
|    Addition due to synthesis replication                 |     0 |
|    Addition due to physical synthesis replication        |     0 |
| Unused register locations in slices containing registers |    55 |
+----------------------------------------------------------+-------+
* Control sets can be merged at opt_design using control_set_merge or merge_equivalent_drivers
** Run report_qor_suggestions for automated merging and remapping suggestions


2. Histogram
------------

+--------------------+-------+
|       Fanout       | Count |
+--------------------+-------+
| Total control sets |    12 |
| >= 0 to < 4        |     1 |
| >= 4 to < 6        |     3 |
| >= 6 to < 8        |     1 |
| >= 8 to < 10       |     0 |
| >= 10 to < 12      |     4 |
| >= 12 to < 14      |     2 |
| >= 14 to < 16      |     0 |
| >= 16              |     1 |
+--------------------+-------+
* Control sets can be remapped at either synth_design or opt_design


3. Flip-Flop Distribution
-------------------------

+--------------+-----------------------+------------------------+-----------------+--------------+
| Clock Enable | Synchronous Set/Reset | Asynchronous Set/Reset | Total Registers | Total Slices |
+--------------+-----------------------+------------------------+-----------------+--------------+
| No           | No                    | No                     |              31 |            9 |
| No           | No                    | Yes                    |               0 |            0 |
| No           | Yes                   | No                     |              10 |            3 |
| Yes          | No                    | No                     |              32 |           10 |
| Yes          | No                    | Yes                    |               2 |            1 |
| Yes          | Yes                   | No                     |              30 |           10 |
+--------------+-----------------------+------------------------+-----------------+--------------+


4. Detailed Control Set Information
-----------------------------------

+--------------------------+----------------------------------------------------------------------------------+---------------------------+------------------+----------------+--------------+
|       Clock Signal       |                                   Enable Signal                                  |      Set/Reset Signal     | Slice Load Count | Bel Load Count | Bels / Slice |
+--------------------------+----------------------------------------------------------------------------------+---------------------------+------------------+----------------+--------------+
|  pulse/cdiv1/D_reg_0     | pulse/SingPul1/neqOp                                                             | btn_IBUF                  |                1 |              2 |         2.00 |
|  pulse/SingPul1/CLK_BUFG | radd[3]_i_1_n_0                                                                  |                           |                2 |              4 |         2.00 |
|  pulse/SingPul1/CLK_BUFG | wadd                                                                             |                           |                2 |              4 |         2.00 |
|  LED_out_reg[3]_i_2_n_0  |                                                                                  |                           |                1 |              4 |         4.00 |
|  pulse/SingPul1/CLK_BUFG |                                                                                  |                           |                2 |              6 |         3.00 |
|  clk_IBUF_BUFG           |                                                                                  | pulse/cdiv1/c0[9]_i_1_n_0 |                3 |             10 |         3.33 |
|  clk_IBUF_BUFG           | pulse/cdiv1/c3[9]_i_2_n_0                                                        | pulse/cdiv1/c3[9]_i_1_n_0 |                3 |             10 |         3.33 |
|  clk_IBUF_BUFG           | pulse/cdiv1/c1[9]_i_2_n_0                                                        | pulse/cdiv1/c1[9]_i_1_n_0 |                3 |             10 |         3.33 |
|  clk_IBUF_BUFG           | pulse/cdiv1/c2[9]_i_2_n_0                                                        | pulse/cdiv1/c2[9]_i_1_n_0 |                4 |             10 |         2.50 |
|  pulse/SingPul1/CLK_BUFG | mem/U0/inst_fifo_gen/gconvfifo.rf/grf.rf/gntv_or_sync_fifo.gl0.rd/grss.rsts/E[0] |                           |                3 |             12 |         4.00 |
|  pulse/SingPul1/CLK_BUFG | mem/U0/inst_fifo_gen/gconvfifo.rf/grf.rf/gntv_or_sync_fifo.gl0.wr/gwss.wsts/E[0] |                           |                3 |             12 |         4.00 |
|  clk_IBUF_BUFG           |                                                                                  |                           |                6 |             21 |         3.50 |
+--------------------------+----------------------------------------------------------------------------------+---------------------------+------------------+----------------+--------------+


